# JRE version: Java(TM) SE Runtime Environment (8.0_60-b27) (build 1.8.0_60-b27)
# Java VM: Java HotSpot(TM) 64-Bit Server VM (25.60-b23 mixed mode bsd-amd64 compressed oops)
Heap:
 PSYoungGen      total 57856K, used 17240K [0x0000000795580000, 0x0000000799500000, 0x00000007c0000000)
  eden space 52736K, 23% used [0x0000000795580000,0x00000007961586a0,0x0000000798900000)
  from space 5120K, 99% used [0x0000000799000000,0x00000007994fdc78,0x0000000799500000)
  to   space 5120K, 0% used [0x0000000798b00000,0x0000000798b00000,0x0000000799000000)
 ParOldGen       total 62976K, used 15603K [0x0000000740000000, 0x0000000743d80000, 0x0000000795580000)
  object space 62976K, 24% used [0x0000000740000000,0x0000000740f3cfc0,0x0000000743d80000)
 Metaspace       used 24487K, capacity 25924K, committed 25984K, reserved 1071104K
  class space    used 3437K, capacity 3700K, committed 3712K, reserved 1048576K
GC Heap History (10 events):
Event: 2.230 GC heap before
{Heap before GC invocations=1 (full 0):
 PSYoungGen      total 38400K, used 33280K [0x0000000795580000, 0x0000000798000000, 0x00000007c0000000)
  eden space 33280K, 100% used [0x0000000795580000,0x0000000797600000,0x0000000797600000)
  from space 5120K, 0% used [0x0000000797b00000,0x0000000797b00000,0x0000000798000000)
  to   space 5120K, 0% used [0x0000000797600000,0x0000000797600000,0x0000000797b00000)
 ParOldGen       total 87552K, used 0K [0x0000000740000000, 0x0000000745580000, 0x0000000795580000)
  object space 87552K, 0% used [0x0000000740000000,0x0000000740000000,0x0000000745580000)
 Metaspace       used 15536K, capacity 16394K, committed 16640K, reserved 1062912K
  class space    used 2302K, capacity 2504K, committed 2560K, reserved 1048576K
Event: 2.242 GC heap after
Heap after GC invocations=1 (full 0):
 PSYoungGen      total 38400K, used 4400K [0x0000000795580000, 0x0000000798000000, 0x00000007c0000000)
  eden space 33280K, 0% used [0x0000000795580000,0x0000000795580000,0x0000000797600000)
  from space 5120K, 85% used [0x0000000797600000,0x0000000797a4c030,0x0000000797b00000)
  to   space 5120K, 0% used [0x0000000797b00000,0x0000000797b00000,0x0000000798000000)
 ParOldGen       total 87552K, used 16K [0x0000000740000000, 0x0000000745580000, 0x0000000795580000)
  object space 87552K, 0% used [0x0000000740000000,0x0000000740004000,0x0000000745580000)
 Metaspace       used 15536K, capacity 16394K, committed 16640K, reserved 1062912K
  class space    used 2302K, capacity 2504K, committed 2560K, reserved 1048576K
}
Event: 3.280 GC heap before
{Heap before GC invocations=2 (full 0):
 PSYoungGen      total 38400K, used 23802K [0x0000000795580000, 0x0000000798000000, 0x00000007c0000000)
  eden space 33280K, 58% used [0x0000000795580000,0x0000000796872a90,0x0000000797600000)
  from space 5120K, 85% used [0x0000000797600000,0x0000000797a4c030,0x0000000797b00000)
  to   space 5120K, 0% used [0x0000000797b00000,0x0000000797b00000,0x0000000798000000)
 ParOldGen       total 87552K, used 16K [0x0000000740000000, 0x0000000745580000, 0x0000000795580000)
  object space 87552K, 0% used [0x0000000740000000,0x0000000740004000,0x0000000745580000)
 Metaspace       used 19925K, capacity 21110K, committed 21296K, reserved 1067008K
  class space    used 2956K, capacity 3184K, committed 3200K, reserved 1048576K
Event: 3.367 GC heap after
Heap after GC invocations=2 (full 0):
 PSYoungGen      total 38400K, used 5088K [0x0000000795580000, 0x000000079a080000, 0x00000007c0000000)
  eden space 33280K, 0% used [0x0000000795580000,0x0000000795580000,0x0000000797600000)
  from space 5120K, 99% used [0x0000000797b00000,0x0000000797ff8030,0x0000000798000000)
  to   space 5120K, 0% used [0x0000000797600000,0x0000000797600000,0x0000000797b00000)
 ParOldGen       total 87552K, used 7839K [0x0000000740000000, 0x0000000745580000, 0x0000000795580000)
  object space 87552K, 8% used [0x0000000740000000,0x00000007407a7c78,0x0000000745580000)
 Metaspace       used 19925K, capacity 21110K, committed 21296K, reserved 1067008K
  class space    used 2956K, capacity 3184K, committed 3200K, reserved 1048576K
}
Event: 3.367 GC heap before
{Heap before GC invocations=3 (full 1):
 PSYoungGen      total 38400K, used 5088K [0x0000000795580000, 0x000000079a080000, 0x00000007c0000000)
  eden space 33280K, 0% used [0x0000000795580000,0x0000000795580000,0x0000000797600000)
  from space 5120K, 99% used [0x0000000797b00000,0x0000000797ff8030,0x0000000798000000)
  to   space 5120K, 0% used [0x0000000797600000,0x0000000797600000,0x0000000797b00000)
 ParOldGen       total 87552K, used 7839K [0x0000000740000000, 0x0000000745580000, 0x0000000795580000)
  object space 87552K, 8% used [0x0000000740000000,0x00000007407a7c78,0x0000000745580000)
 Metaspace       used 19925K, capacity 21110K, committed 21296K, reserved 1067008K
  class space    used 2956K, capacity 3184K, committed 3200K, reserved 1048576K
Event: 3.424 GC heap after
Heap after GC invocations=3 (full 1):
 PSYoungGen      total 38400K, used 0K [0x0000000795580000, 0x000000079a080000, 0x00000007c0000000)
  eden space 33280K, 0% used [0x0000000795580000,0x0000000795580000,0x0000000797600000)
  from space 5120K, 0% used [0x0000000797b00000,0x0000000797b00000,0x0000000798000000)
  to   space 5120K, 0% used [0x0000000797600000,0x0000000797600000,0x0000000797b00000)
 ParOldGen       total 62976K, used 10065K [0x0000000740000000, 0x0000000743d80000, 0x0000000795580000)
  object space 62976K, 15% used [0x0000000740000000,0x00000007409d46a8,0x0000000743d80000)
 Metaspace       used 19925K, capacity 21110K, committed 21296K, reserved 1067008K
  class space    used 2956K, capacity 3184K, committed 3200K, reserved 1048576K
}
Event: 5.658 GC heap before
{Heap before GC invocations=4 (full 1):
 PSYoungGen      total 38400K, used 33280K [0x0000000795580000, 0x000000079a080000, 0x00000007c0000000)
  eden space 33280K, 100% used [0x0000000795580000,0x0000000797600000,0x0000000797600000)
  from space 5120K, 0% used [0x0000000797b00000,0x0000000797b00000,0x0000000798000000)
  to   space 5120K, 0% used [0x0000000797600000,0x0000000797600000,0x0000000797b00000)
 ParOldGen       total 62976K, used 10065K [0x0000000740000000, 0x0000000743d80000, 0x0000000795580000)
  object space 62976K, 15% used [0x0000000740000000,0x00000007409d46a8,0x0000000743d80000)
 Metaspace       used 22889K, capacity 24192K, committed 24320K, reserved 1071104K
  class space    used 3285K, capacity 3536K, committed 3584K, reserved 1048576K
Event: 5.670 GC heap after
Heap after GC invocations=4 (full 1):
 PSYoungGen      total 38400K, used 5094K [0x0000000795580000, 0x0000000799500000, 0x00000007c0000000)
  eden space 33280K, 0% used [0x0000000795580000,0x0000000795580000,0x0000000797600000)
  from space 5120K, 99% used [0x0000000797600000,0x0000000797af99f8,0x0000000797b00000)
  to   space 5120K, 0% used [0x0000000799000000,0x0000000799000000,0x0000000799500000)
 ParOldGen       total 62976K, used 10214K [0x0000000740000000, 0x0000000743d80000, 0x0000000795580000)
  object space 62976K, 16% used [0x0000000740000000,0x00000007409f9858,0x0000000743d80000)
 Metaspace       used 22889K, capacity 24192K, committed 24320K, reserved 1071104K
  class space    used 3285K, capacity 3536K, committed 3584K, reserved 1048576K
}
Event: 9.412 GC heap before
{Heap before GC invocations=5 (full 1):
 PSYoungGen      total 38400K, used 38369K [0x0000000795580000, 0x0000000799500000, 0x00000007c0000000)
  eden space 33280K, 99% used [0x0000000795580000,0x00000007975febe8,0x0000000797600000)
  from space 5120K, 99% used [0x0000000797600000,0x0000000797af99f8,0x0000000797b00000)
  to   space 5120K, 0% used [0x0000000799000000,0x0000000799000000,0x0000000799500000)
 ParOldGen       total 62976K, used 10214K [0x0000000740000000, 0x0000000743d80000, 0x0000000795580000)
  object space 62976K, 16% used [0x0000000740000000,0x00000007409f9858,0x0000000743d80000)
 Metaspace       used 23750K, capacity 25118K, committed 25344K, reserved 1071104K
  class space    used 3314K, capacity 3581K, committed 3584K, reserved 1048576K
Event: 9.426 GC heap after
Heap after GC invocations=5 (full 1):
 PSYoungGen      total 57856K, used 5111K [0x0000000795580000, 0x0000000799500000, 0x00000007c0000000)
  eden space 52736K, 0% used [0x0000000795580000,0x0000000795580000,0x0000000798900000)
  from space 5120K, 99% used [0x0000000799000000,0x00000007994fdc78,0x0000000799500000)
  to   space 5120K, 0% used [0x0000000798b00000,0x0000000798b00000,0x0000000799000000)
 ParOldGen       total 62976K, used 15603K [0x0000000740000000, 0x0000000743d80000, 0x0000000795580000)
  object space 62976K, 24% used [0x0000000740000000,0x0000000740f3cfc0,0x0000000743d80000)
 Metaspace       used 23750K, capacity 25118K, committed 25344K, reserved 1071104K
  class space    used 3314K, capacity 3581K, committed 3584K, reserved 1048576K
}

