# JRE version: Java(TM) SE Runtime Environment (8.0_60-b27) (build 1.8.0_60-b27)
# Java VM: Java HotSpot(TM) 64-Bit Server VM (25.60-b23 mixed mode bsd-amd64 compressed oops)
Heap:
 PSYoungGen      total 51200K, used 36786K [0x0000000795580000, 0x0000000798c80000, 0x00000007c0000000)
  eden space 46080K, 79% used [0x0000000795580000,0x000000079796cb10,0x0000000798280000)
  from space 5120K, 0% used [0x0000000798280000,0x0000000798280000,0x0000000798780000)
  to   space 5120K, 0% used [0x0000000798780000,0x0000000798780000,0x0000000798c80000)
 ParOldGen       total 69120K, used 17761K [0x0000000740000000, 0x0000000744380000, 0x0000000795580000)
  object space 69120K, 25% used [0x0000000740000000,0x0000000741158560,0x0000000744380000)
 Metaspace       used 24718K, capacity 26150K, committed 26240K, reserved 1071104K
  class space    used 3428K, capacity 3695K, committed 3712K, reserved 1048576K
GC Heap History (10 events):
Event: 17.492 GC heap before
{Heap before GC invocations=323 (full 160):
 PSYoungGen      total 51200K, used 1152K [0x0000000795580000, 0x0000000798c80000, 0x00000007c0000000)
  eden space 46080K, 0% used [0x0000000795580000,0x0000000795580000,0x0000000798280000)
  from space 5120K, 22% used [0x0000000798280000,0x00000007983a0010,0x0000000798780000)
  to   space 5120K, 0% used [0x0000000798780000,0x0000000798780000,0x0000000798c80000)
 ParOldGen       total 69120K, used 18316K [0x0000000740000000, 0x0000000744380000, 0x0000000795580000)
  object space 69120K, 26% used [0x0000000740000000,0x00000007411e3090,0x0000000744380000)
 Metaspace       used 24002K, capacity 25378K, committed 25728K, reserved 1071104K
  class space    used 3347K, capacity 3607K, committed 3712K, reserved 1048576K
Event: 17.532 GC heap after
Heap after GC invocations=323 (full 160):
 PSYoungGen      total 51200K, used 0K [0x0000000795580000, 0x0000000798c80000, 0x00000007c0000000)
  eden space 46080K, 0% used [0x0000000795580000,0x0000000795580000,0x0000000798280000)
  from space 5120K, 0% used [0x0000000798280000,0x0000000798280000,0x0000000798780000)
  to   space 5120K, 0% used [0x0000000798780000,0x0000000798780000,0x0000000798c80000)
 ParOldGen       total 69120K, used 17608K [0x0000000740000000, 0x0000000744380000, 0x0000000795580000)
  object space 69120K, 25% used [0x0000000740000000,0x0000000741132368,0x0000000744380000)
 Metaspace       used 24002K, capacity 25378K, committed 25728K, reserved 1071104K
  class space    used 3347K, capacity 3607K, committed 3712K, reserved 1048576K
}
Event: 17.606 GC heap before
{Heap before GC invocations=324 (full 160):
 PSYoungGen      total 51200K, used 8190K [0x0000000795580000, 0x0000000798c80000, 0x00000007c0000000)
  eden space 46080K, 17% used [0x0000000795580000,0x0000000795d7f880,0x0000000798280000)
  from space 5120K, 0% used [0x0000000798280000,0x0000000798280000,0x0000000798780000)
  to   space 5120K, 0% used [0x0000000798780000,0x0000000798780000,0x0000000798c80000)
 ParOldGen       total 69120K, used 17608K [0x0000000740000000, 0x0000000744380000, 0x0000000795580000)
  object space 69120K, 25% used [0x0000000740000000,0x0000000741132368,0x0000000744380000)
 Metaspace       used 24019K, capacity 25384K, committed 25728K, reserved 1071104K
  class space    used 3347K, capacity 3608K, committed 3712K, reserved 1048576K
Event: 17.607 GC heap after
Heap after GC invocations=324 (full 160):
 PSYoungGen      total 51200K, used 776K [0x0000000795580000, 0x0000000798c80000, 0x00000007c0000000)
  eden space 46080K, 0% used [0x0000000795580000,0x0000000795580000,0x0000000798280000)
  from space 5120K, 15% used [0x0000000798780000,0x0000000798842158,0x0000000798c80000)
  to   space 5120K, 0% used [0x0000000798280000,0x0000000798280000,0x0000000798780000)
 ParOldGen       total 69120K, used 17608K [0x0000000740000000, 0x0000000744380000, 0x0000000795580000)
  object space 69120K, 25% used [0x0000000740000000,0x0000000741132368,0x0000000744380000)
 Metaspace       used 24019K, capacity 25384K, committed 25728K, reserved 1071104K
  class space    used 3347K, capacity 3608K, committed 3712K, reserved 1048576K
}
Event: 17.607 GC heap before
{Heap before GC invocations=325 (full 161):
 PSYoungGen      total 51200K, used 776K [0x0000000795580000, 0x0000000798c80000, 0x00000007c0000000)
  eden space 46080K, 0% used [0x0000000795580000,0x0000000795580000,0x0000000798280000)
  from space 5120K, 15% used [0x0000000798780000,0x0000000798842158,0x0000000798c80000)
  to   space 5120K, 0% used [0x0000000798280000,0x0000000798280000,0x0000000798780000)
 ParOldGen       total 69120K, used 17608K [0x0000000740000000, 0x0000000744380000, 0x0000000795580000)
  object space 69120K, 25% used [0x0000000740000000,0x0000000741132368,0x0000000744380000)
 Metaspace       used 24019K, capacity 25384K, committed 25728K, reserved 1071104K
  class space    used 3347K, capacity 3608K, committed 3712K, reserved 1048576K
Event: 17.657 GC heap after
Heap after GC invocations=325 (full 161):
 PSYoungGen      total 51200K, used 0K [0x0000000795580000, 0x0000000798c80000, 0x00000007c0000000)
  eden space 46080K, 0% used [0x0000000795580000,0x0000000795580000,0x0000000798280000)
  from space 5120K, 0% used [0x0000000798780000,0x0000000798780000,0x0000000798c80000)
  to   space 5120K, 0% used [0x0000000798280000,0x0000000798280000,0x0000000798780000)
 ParOldGen       total 69120K, used 17235K [0x0000000740000000, 0x0000000744380000, 0x0000000795580000)
  object space 69120K, 24% used [0x0000000740000000,0x00000007410d4f20,0x0000000744380000)
 Metaspace       used 24019K, capacity 25384K, committed 25728K, reserved 1071104K
  class space    used 3347K, capacity 3608K, committed 3712K, reserved 1048576K
}
Event: 17.658 GC heap before
{Heap before GC invocations=326 (full 161):
 PSYoungGen      total 51200K, used 2228K [0x0000000795580000, 0x0000000798c80000, 0x00000007c0000000)
  eden space 46080K, 4% used [0x0000000795580000,0x00000007957ad2a8,0x0000000798280000)
  from space 5120K, 0% used [0x0000000798780000,0x0000000798780000,0x0000000798c80000)
  to   space 5120K, 0% used [0x0000000798280000,0x0000000798280000,0x0000000798780000)
 ParOldGen       total 69120K, used 17235K [0x0000000740000000, 0x0000000744380000, 0x0000000795580000)
  object space 69120K, 24% used [0x0000000740000000,0x00000007410d4f20,0x0000000744380000)
 Metaspace       used 24019K, capacity 25384K, committed 25728K, reserved 1071104K
  class space    used 3347K, capacity 3608K, committed 3712K, reserved 1048576K
Event: 17.659 GC heap after
Heap after GC invocations=326 (full 161):
 PSYoungGen      total 51200K, used 1346K [0x0000000795580000, 0x0000000798c80000, 0x00000007c0000000)
  eden space 46080K, 0% used [0x0000000795580000,0x0000000795580000,0x0000000798280000)
  from space 5120K, 26% used [0x0000000798280000,0x00000007983d08f0,0x0000000798780000)
  to   space 5120K, 0% used [0x0000000798780000,0x0000000798780000,0x0000000798c80000)
 ParOldGen       total 69120K, used 17235K [0x0000000740000000, 0x0000000744380000, 0x0000000795580000)
  object space 69120K, 24% used [0x0000000740000000,0x00000007410d4f20,0x0000000744380000)
 Metaspace       used 24019K, capacity 25384K, committed 25728K, reserved 1071104K
  class space    used 3347K, capacity 3608K, committed 3712K, reserved 1048576K
}
Event: 17.659 GC heap before
{Heap before GC invocations=327 (full 162):
 PSYoungGen      total 51200K, used 1346K [0x0000000795580000, 0x0000000798c80000, 0x00000007c0000000)
  eden space 46080K, 0% used [0x0000000795580000,0x0000000795580000,0x0000000798280000)
  from space 5120K, 26% used [0x0000000798280000,0x00000007983d08f0,0x0000000798780000)
  to   space 5120K, 0% used [0x0000000798780000,0x0000000798780000,0x0000000798c80000)
 ParOldGen       total 69120K, used 17235K [0x0000000740000000, 0x0000000744380000, 0x0000000795580000)
  object space 69120K, 24% used [0x0000000740000000,0x00000007410d4f20,0x0000000744380000)
 Metaspace       used 24019K, capacity 25384K, committed 25728K, reserved 1071104K
  class space    used 3347K, capacity 3608K, committed 3712K, reserved 1048576K
Event: 17.690 GC heap after
Heap after GC invocations=327 (full 162):
 PSYoungGen      total 51200K, used 0K [0x0000000795580000, 0x0000000798c80000, 0x00000007c0000000)
  eden space 46080K, 0% used [0x0000000795580000,0x0000000795580000,0x0000000798280000)
  from space 5120K, 0% used [0x0000000798280000,0x0000000798280000,0x0000000798780000)
  to   space 5120K, 0% used [0x0000000798780000,0x0000000798780000,0x0000000798c80000)
 ParOldGen       total 69120K, used 17761K [0x0000000740000000, 0x0000000744380000, 0x0000000795580000)
  object space 69120K, 25% used [0x0000000740000000,0x0000000741158560,0x0000000744380000)
 Metaspace       used 24019K, capacity 25384K, committed 25728K, reserved 1071104K
  class space    used 3347K, capacity 3608K, committed 3712K, reserved 1048576K
}

