# JRE version: Java(TM) SE Runtime Environment (8.0_60-b27) (build 1.8.0_60-b27)
# Java VM: Java HotSpot(TM) 64-Bit Server VM (25.60-b23 mixed mode bsd-amd64 compressed oops)
Heap:
 PSYoungGen      total 52736K, used 35822K [0x0000000795580000, 0x000000079ba00000, 0x00000007c0000000)
  eden space 47616K, 64% used [0x0000000795580000,0x000000079737f7a0,0x0000000798400000)
  from space 5120K, 99% used [0x0000000798400000,0x00000007988fc148,0x0000000798900000)
  to   space 18432K, 0% used [0x000000079a800000,0x000000079a800000,0x000000079ba00000)
 ParOldGen       total 70656K, used 25144K [0x0000000740000000, 0x0000000744500000, 0x0000000795580000)
  object space 70656K, 35% used [0x0000000740000000,0x000000074188e238,0x0000000744500000)
 Metaspace       used 24755K, capacity 26198K, committed 26496K, reserved 1073152K
  class space    used 3400K, capacity 3665K, committed 3712K, reserved 1048576K
GC Heap History (10 events):
Event: 2.743 GC heap before
{Heap before GC invocations=2 (full 0):
 PSYoungGen      total 38400K, used 23588K [0x0000000795580000, 0x0000000798000000, 0x00000007c0000000)
  eden space 33280K, 57% used [0x0000000795580000,0x00000007968391e0,0x0000000797600000)
  from space 5120K, 86% used [0x0000000797600000,0x0000000797a50040,0x0000000797b00000)
  to   space 5120K, 0% used [0x0000000797b00000,0x0000000797b00000,0x0000000798000000)
 ParOldGen       total 87552K, used 8K [0x0000000740000000, 0x0000000745580000, 0x0000000795580000)
  object space 87552K, 0% used [0x0000000740000000,0x0000000740002000,0x0000000745580000)
 Metaspace       used 19911K, capacity 21138K, committed 21248K, reserved 1067008K
  class space    used 2960K, capacity 3232K, committed 3328K, reserved 1048576K
Event: 2.766 GC heap after
Heap after GC invocations=2 (full 0):
 PSYoungGen      total 38400K, used 5088K [0x0000000795580000, 0x000000079a080000, 0x00000007c0000000)
  eden space 33280K, 0% used [0x0000000795580000,0x0000000795580000,0x0000000797600000)
  from space 5120K, 99% used [0x0000000797b00000,0x0000000797ff8050,0x0000000798000000)
  to   space 5120K, 0% used [0x0000000797600000,0x0000000797600000,0x0000000797b00000)
 ParOldGen       total 87552K, used 7850K [0x0000000740000000, 0x0000000745580000, 0x0000000795580000)
  object space 87552K, 8% used [0x0000000740000000,0x00000007407aa9d8,0x0000000745580000)
 Metaspace       used 19911K, capacity 21138K, committed 21248K, reserved 1067008K
  class space    used 2960K, capacity 3232K, committed 3328K, reserved 1048576K
}
Event: 2.766 GC heap before
{Heap before GC invocations=3 (full 1):
 PSYoungGen      total 38400K, used 5088K [0x0000000795580000, 0x000000079a080000, 0x00000007c0000000)
  eden space 33280K, 0% used [0x0000000795580000,0x0000000795580000,0x0000000797600000)
  from space 5120K, 99% used [0x0000000797b00000,0x0000000797ff8050,0x0000000798000000)
  to   space 5120K, 0% used [0x0000000797600000,0x0000000797600000,0x0000000797b00000)
 ParOldGen       total 87552K, used 7850K [0x0000000740000000, 0x0000000745580000, 0x0000000795580000)
  object space 87552K, 8% used [0x0000000740000000,0x00000007407aa9d8,0x0000000745580000)
 Metaspace       used 19911K, capacity 21138K, committed 21248K, reserved 1067008K
  class space    used 2960K, capacity 3232K, committed 3328K, reserved 1048576K
Event: 2.805 GC heap after
Heap after GC invocations=3 (full 1):
 PSYoungGen      total 38400K, used 0K [0x0000000795580000, 0x000000079a080000, 0x00000007c0000000)
  eden space 33280K, 0% used [0x0000000795580000,0x0000000795580000,0x0000000797600000)
  from space 5120K, 0% used [0x0000000797b00000,0x0000000797b00000,0x0000000798000000)
  to   space 5120K, 0% used [0x0000000797600000,0x0000000797600000,0x0000000797b00000)
 ParOldGen       total 70656K, used 10056K [0x0000000740000000, 0x0000000744500000, 0x0000000795580000)
  object space 70656K, 14% used [0x0000000740000000,0x00000007409d21a0,0x0000000744500000)
 Metaspace       used 19911K, capacity 21138K, committed 21248K, reserved 1067008K
  class space    used 2960K, capacity 3232K, committed 3328K, reserved 1048576K
}
Event: 5.665 GC heap before
{Heap before GC invocations=4 (full 1):
 PSYoungGen      total 38400K, used 33280K [0x0000000795580000, 0x000000079a080000, 0x00000007c0000000)
  eden space 33280K, 100% used [0x0000000795580000,0x0000000797600000,0x0000000797600000)
  from space 5120K, 0% used [0x0000000797b00000,0x0000000797b00000,0x0000000798000000)
  to   space 5120K, 0% used [0x0000000797600000,0x0000000797600000,0x0000000797b00000)
 ParOldGen       total 70656K, used 10056K [0x0000000740000000, 0x0000000744500000, 0x0000000795580000)
  object space 70656K, 14% used [0x0000000740000000,0x00000007409d21a0,0x0000000744500000)
 Metaspace       used 22777K, capacity 24096K, committed 24320K, reserved 1071104K
  class space    used 3276K, capacity 3530K, committed 3584K, reserved 1048576K
Event: 5.680 GC heap after
Heap after GC invocations=4 (full 1):
 PSYoungGen      total 38400K, used 5091K [0x0000000795580000, 0x0000000798e00000, 0x00000007c0000000)
  eden space 33280K, 0% used [0x0000000795580000,0x0000000795580000,0x0000000797600000)
  from space 5120K, 99% used [0x0000000797600000,0x0000000797af8fa0,0x0000000797b00000)
  to   space 5120K, 0% used [0x0000000798900000,0x0000000798900000,0x0000000798e00000)
 ParOldGen       total 70656K, used 10064K [0x0000000740000000, 0x0000000744500000, 0x0000000795580000)
  object space 70656K, 14% used [0x0000000740000000,0x00000007409d41a0,0x0000000744500000)
 Metaspace       used 22777K, capacity 24096K, committed 24320K, reserved 1071104K
  class space    used 3276K, capacity 3530K, committed 3584K, reserved 1048576K
}
Event: 9.055 GC heap before
{Heap before GC invocations=5 (full 1):
 PSYoungGen      total 38400K, used 38371K [0x0000000795580000, 0x0000000798e00000, 0x00000007c0000000)
  eden space 33280K, 100% used [0x0000000795580000,0x0000000797600000,0x0000000797600000)
  from space 5120K, 99% used [0x0000000797600000,0x0000000797af8fa0,0x0000000797b00000)
  to   space 5120K, 0% used [0x0000000798900000,0x0000000798900000,0x0000000798e00000)
 ParOldGen       total 70656K, used 10235K [0x0000000740000000, 0x0000000744500000, 0x0000000795580000)
  object space 70656K, 14% used [0x0000000740000000,0x00000007409fefb0,0x0000000744500000)
 Metaspace       used 23571K, capacity 24976K, committed 25088K, reserved 1071104K
  class space    used 3308K, capacity 3578K, committed 3584K, reserved 1048576K
Event: 9.087 GC heap after
Heap after GC invocations=5 (full 1):
 PSYoungGen      total 52736K, used 5119K [0x0000000795580000, 0x0000000798e00000, 0x00000007c0000000)
  eden space 47616K, 0% used [0x0000000795580000,0x0000000795580000,0x0000000798400000)
  from space 5120K, 99% used [0x0000000798900000,0x0000000798dfff00,0x0000000798e00000)
  to   space 5120K, 0% used [0x0000000798400000,0x0000000798400000,0x0000000798900000)
 ParOldGen       total 70656K, used 15175K [0x0000000740000000, 0x0000000744500000, 0x0000000795580000)
  object space 70656K, 21% used [0x0000000740000000,0x0000000740ed1e30,0x0000000744500000)
 Metaspace       used 23571K, capacity 24976K, committed 25088K, reserved 1071104K
  class space    used 3308K, capacity 3578K, committed 3584K, reserved 1048576K
}
Event: 11.840 GC heap before
{Heap before GC invocations=6 (full 1):
 PSYoungGen      total 52736K, used 52735K [0x0000000795580000, 0x0000000798e00000, 0x00000007c0000000)
  eden space 47616K, 100% used [0x0000000795580000,0x0000000798400000,0x0000000798400000)
  from space 5120K, 99% used [0x0000000798900000,0x0000000798dfff00,0x0000000798e00000)
  to   space 5120K, 0% used [0x0000000798400000,0x0000000798400000,0x0000000798900000)
 ParOldGen       total 70656K, used 15178K [0x0000000740000000, 0x0000000744500000, 0x0000000795580000)
  object space 70656K, 21% used [0x0000000740000000,0x0000000740ed2b40,0x0000000744500000)
 Metaspace       used 23889K, capacity 25296K, committed 25344K, reserved 1071104K
  class space    used 3309K, capacity 3578K, committed 3584K, reserved 1048576K
Event: 11.853 GC heap after
Heap after GC invocations=6 (full 1):
 PSYoungGen      total 52736K, used 5104K [0x0000000795580000, 0x000000079ba00000, 0x00000007c0000000)
  eden space 47616K, 0% used [0x0000000795580000,0x0000000795580000,0x0000000798400000)
  from space 5120K, 99% used [0x0000000798400000,0x00000007988fc148,0x0000000798900000)
  to   space 18432K, 0% used [0x000000079a800000,0x000000079a800000,0x000000079ba00000)
 ParOldGen       total 70656K, used 25144K [0x0000000740000000, 0x0000000744500000, 0x0000000795580000)
  object space 70656K, 35% used [0x0000000740000000,0x000000074188e238,0x0000000744500000)
 Metaspace       used 23889K, capacity 25296K, committed 25344K, reserved 1071104K
  class space    used 3309K, capacity 3578K, committed 3584K, reserved 1048576K
}

