# JRE version: Java(TM) SE Runtime Environment (8.0_60-b27) (build 1.8.0_60-b27)
# Java VM: Java HotSpot(TM) 64-Bit Server VM (25.60-b23 mixed mode bsd-amd64 compressed oops)
Heap:
 PSYoungGen      total 52736K, used 10398K [0x0000000795580000, 0x0000000799180000, 0x00000007c0000000)
  eden space 47616K, 11% used [0x0000000795580000,0x0000000795ac7530,0x0000000798400000)
  from space 5120K, 97% used [0x0000000798600000,0x0000000798ae0598,0x0000000798b00000)
  to   space 2048K, 0% used [0x0000000798400000,0x0000000798400000,0x0000000798600000)
 ParOldGen       total 72704K, used 20841K [0x0000000740000000, 0x0000000744700000, 0x0000000795580000)
  object space 72704K, 28% used [0x0000000740000000,0x000000074145a610,0x0000000744700000)
 Metaspace       used 24566K, capacity 25972K, committed 25984K, reserved 1071104K
  class space    used 3433K, capacity 3700K, committed 3712K, reserved 1048576K
GC Heap History (10 events):
Event: 18.582 GC heap before
{Heap before GC invocations=320 (full 158):
 PSYoungGen      total 49664K, used 196K [0x0000000795580000, 0x0000000798b00000, 0x00000007c0000000)
  eden space 44544K, 0% used [0x0000000795580000,0x00000007955b1150,0x0000000798100000)
  from space 5120K, 0% used [0x0000000798100000,0x0000000798100000,0x0000000798600000)
  to   space 5120K, 0% used [0x0000000798600000,0x0000000798600000,0x0000000798b00000)
 ParOldGen       total 72704K, used 21333K [0x0000000740000000, 0x0000000744700000, 0x0000000795580000)
  object space 72704K, 29% used [0x0000000740000000,0x00000007414d5718,0x0000000744700000)
 Metaspace       used 23699K, capacity 25102K, committed 25344K, reserved 1071104K
  class space    used 3306K, capacity 3579K, committed 3584K, reserved 1048576K
Event: 18.583 GC heap after
Heap after GC invocations=320 (full 158):
 PSYoungGen      total 49664K, used 96K [0x0000000795580000, 0x0000000798b00000, 0x00000007c0000000)
  eden space 44544K, 0% used [0x0000000795580000,0x0000000795580000,0x0000000798100000)
  from space 5120K, 1% used [0x0000000798600000,0x0000000798618000,0x0000000798b00000)
  to   space 5120K, 0% used [0x0000000798100000,0x0000000798100000,0x0000000798600000)
 ParOldGen       total 72704K, used 21333K [0x0000000740000000, 0x0000000744700000, 0x0000000795580000)
  object space 72704K, 29% used [0x0000000740000000,0x00000007414d5718,0x0000000744700000)
 Metaspace       used 23699K, capacity 25102K, committed 25344K, reserved 1071104K
  class space    used 3306K, capacity 3579K, committed 3584K, reserved 1048576K
}
Event: 18.583 GC heap before
{Heap before GC invocations=321 (full 159):
 PSYoungGen      total 49664K, used 96K [0x0000000795580000, 0x0000000798b00000, 0x00000007c0000000)
  eden space 44544K, 0% used [0x0000000795580000,0x0000000795580000,0x0000000798100000)
  from space 5120K, 1% used [0x0000000798600000,0x0000000798618000,0x0000000798b00000)
  to   space 5120K, 0% used [0x0000000798100000,0x0000000798100000,0x0000000798600000)
 ParOldGen       total 72704K, used 21333K [0x0000000740000000, 0x0000000744700000, 0x0000000795580000)
  object space 72704K, 29% used [0x0000000740000000,0x00000007414d5718,0x0000000744700000)
 Metaspace       used 23699K, capacity 25102K, committed 25344K, reserved 1071104K
  class space    used 3306K, capacity 3579K, committed 3584K, reserved 1048576K
Event: 18.617 GC heap after
Heap after GC invocations=321 (full 159):
 PSYoungGen      total 49664K, used 0K [0x0000000795580000, 0x0000000798b00000, 0x00000007c0000000)
  eden space 44544K, 0% used [0x0000000795580000,0x0000000795580000,0x0000000798100000)
  from space 5120K, 0% used [0x0000000798600000,0x0000000798600000,0x0000000798b00000)
  to   space 5120K, 0% used [0x0000000798100000,0x0000000798100000,0x0000000798600000)
 ParOldGen       total 72704K, used 19809K [0x0000000740000000, 0x0000000744700000, 0x0000000795580000)
  object space 72704K, 27% used [0x0000000740000000,0x0000000741358680,0x0000000744700000)
 Metaspace       used 23699K, capacity 25102K, committed 25344K, reserved 1071104K
  class space    used 3306K, capacity 3579K, committed 3584K, reserved 1048576K
}
Event: 18.624 GC heap before
{Heap before GC invocations=322 (full 159):
 PSYoungGen      total 49664K, used 0K [0x0000000795580000, 0x0000000798b00000, 0x00000007c0000000)
  eden space 44544K, 0% used [0x0000000795580000,0x0000000795580000,0x0000000798100000)
  from space 5120K, 0% used [0x0000000798600000,0x0000000798600000,0x0000000798b00000)
  to   space 5120K, 0% used [0x0000000798100000,0x0000000798100000,0x0000000798600000)
 ParOldGen       total 72704K, used 19809K [0x0000000740000000, 0x0000000744700000, 0x0000000795580000)
  object space 72704K, 27% used [0x0000000740000000,0x0000000741358680,0x0000000744700000)
 Metaspace       used 23699K, capacity 25102K, committed 25344K, reserved 1071104K
  class space    used 3306K, capacity 3579K, committed 3584K, reserved 1048576K
Event: 18.626 GC heap after
Heap after GC invocations=322 (full 159):
 PSYoungGen      total 49664K, used 0K [0x0000000795580000, 0x0000000798b00000, 0x00000007c0000000)
  eden space 44544K, 0% used [0x0000000795580000,0x0000000795580000,0x0000000798100000)
  from space 5120K, 0% used [0x0000000798100000,0x0000000798100000,0x0000000798600000)
  to   space 5120K, 0% used [0x0000000798600000,0x0000000798600000,0x0000000798b00000)
 ParOldGen       total 72704K, used 19809K [0x0000000740000000, 0x0000000744700000, 0x0000000795580000)
  object space 72704K, 27% used [0x0000000740000000,0x0000000741358680,0x0000000744700000)
 Metaspace       used 23699K, capacity 25102K, committed 25344K, reserved 1071104K
  class space    used 3306K, capacity 3579K, committed 3584K, reserved 1048576K
}
Event: 18.626 GC heap before
{Heap before GC invocations=323 (full 160):
 PSYoungGen      total 49664K, used 0K [0x0000000795580000, 0x0000000798b00000, 0x00000007c0000000)
  eden space 44544K, 0% used [0x0000000795580000,0x0000000795580000,0x0000000798100000)
  from space 5120K, 0% used [0x0000000798100000,0x0000000798100000,0x0000000798600000)
  to   space 5120K, 0% used [0x0000000798600000,0x0000000798600000,0x0000000798b00000)
 ParOldGen       total 72704K, used 19809K [0x0000000740000000, 0x0000000744700000, 0x0000000795580000)
  object space 72704K, 27% used [0x0000000740000000,0x0000000741358680,0x0000000744700000)
 Metaspace       used 23699K, capacity 25102K, committed 25344K, reserved 1071104K
  class space    used 3306K, capacity 3579K, committed 3584K, reserved 1048576K
Event: 18.656 GC heap after
Heap after GC invocations=323 (full 160):
 PSYoungGen      total 49664K, used 0K [0x0000000795580000, 0x0000000798b00000, 0x00000007c0000000)
  eden space 44544K, 0% used [0x0000000795580000,0x0000000795580000,0x0000000798100000)
  from space 5120K, 0% used [0x0000000798100000,0x0000000798100000,0x0000000798600000)
  to   space 5120K, 0% used [0x0000000798600000,0x0000000798600000,0x0000000798b00000)
 ParOldGen       total 72704K, used 19809K [0x0000000740000000, 0x0000000744700000, 0x0000000795580000)
  object space 72704K, 27% used [0x0000000740000000,0x0000000741358600,0x0000000744700000)
 Metaspace       used 23699K, capacity 25102K, committed 25344K, reserved 1071104K
  class space    used 3306K, capacity 3579K, committed 3584K, reserved 1048576K
}
Event: 19.659 GC heap before
{Heap before GC invocations=324 (full 160):
 PSYoungGen      total 49664K, used 44544K [0x0000000795580000, 0x0000000798b00000, 0x00000007c0000000)
  eden space 44544K, 100% used [0x0000000795580000,0x0000000798100000,0x0000000798100000)
  from space 5120K, 0% used [0x0000000798100000,0x0000000798100000,0x0000000798600000)
  to   space 5120K, 0% used [0x0000000798600000,0x0000000798600000,0x0000000798b00000)
 ParOldGen       total 72704K, used 19809K [0x0000000740000000, 0x0000000744700000, 0x0000000795580000)
  object space 72704K, 27% used [0x0000000740000000,0x0000000741358600,0x0000000744700000)
 Metaspace       used 23845K, capacity 25294K, committed 25344K, reserved 1071104K
  class space    used 3307K, capacity 3579K, committed 3584K, reserved 1048576K
Event: 19.661 GC heap after
Heap after GC invocations=324 (full 160):
 PSYoungGen      total 52736K, used 4993K [0x0000000795580000, 0x0000000799180000, 0x00000007c0000000)
  eden space 47616K, 0% used [0x0000000795580000,0x0000000795580000,0x0000000798400000)
  from space 5120K, 97% used [0x0000000798600000,0x0000000798ae0598,0x0000000798b00000)
  to   space 2048K, 0% used [0x0000000798400000,0x0000000798400000,0x0000000798600000)
 ParOldGen       total 72704K, used 20841K [0x0000000740000000, 0x0000000744700000, 0x0000000795580000)
  object space 72704K, 28% used [0x0000000740000000,0x000000074145a610,0x0000000744700000)
 Metaspace       used 23845K, capacity 25294K, committed 25344K, reserved 1071104K
  class space    used 3307K, capacity 3579K, committed 3584K, reserved 1048576K
}

