# JRE version: Java(TM) SE Runtime Environment (8.0_60-b27) (build 1.8.0_60-b27)
# Java VM: Java HotSpot(TM) 64-Bit Server VM (25.60-b23 mixed mode bsd-amd64 compressed oops)
Heap:
 PSYoungGen      total 54784K, used 46213K [0x0000000795580000, 0x000000079b880000, 0x00000007c0000000)
  eden space 49664K, 82% used [0x0000000795580000,0x0000000797da50e8,0x0000000798600000)
  from space 5120K, 99% used [0x0000000798600000,0x0000000798afc550,0x0000000798b00000)
  to   space 15360K, 0% used [0x000000079a980000,0x000000079a980000,0x000000079b880000)
 ParOldGen       total 68096K, used 21661K [0x0000000740000000, 0x0000000744280000, 0x0000000795580000)
  object space 68096K, 31% used [0x0000000740000000,0x0000000741527638,0x0000000744280000)
 Metaspace       used 24864K, capacity 26314K, committed 26496K, reserved 1073152K
  class space    used 3439K, capacity 3701K, committed 3712K, reserved 1048576K
GC Heap History (10 events):
Event: 2.606 GC heap before
{Heap before GC invocations=2 (full 0):
 PSYoungGen      total 38400K, used 23180K [0x0000000795580000, 0x0000000798000000, 0x00000007c0000000)
  eden space 33280K, 56% used [0x0000000795580000,0x00000007967c7230,0x0000000797600000)
  from space 5120K, 87% used [0x0000000797600000,0x0000000797a5c030,0x0000000797b00000)
  to   space 5120K, 0% used [0x0000000797b00000,0x0000000797b00000,0x0000000798000000)
 ParOldGen       total 87552K, used 16K [0x0000000740000000, 0x0000000745580000, 0x0000000795580000)
  object space 87552K, 0% used [0x0000000740000000,0x0000000740004000,0x0000000745580000)
 Metaspace       used 19936K, capacity 21062K, committed 21248K, reserved 1067008K
  class space    used 2956K, capacity 3214K, committed 3328K, reserved 1048576K
Event: 2.630 GC heap after
Heap after GC invocations=2 (full 0):
 PSYoungGen      total 38400K, used 5088K [0x0000000795580000, 0x000000079a080000, 0x00000007c0000000)
  eden space 33280K, 0% used [0x0000000795580000,0x0000000795580000,0x0000000797600000)
  from space 5120K, 99% used [0x0000000797b00000,0x0000000797ff8030,0x0000000798000000)
  to   space 5120K, 0% used [0x0000000797600000,0x0000000797600000,0x0000000797b00000)
 ParOldGen       total 87552K, used 7846K [0x0000000740000000, 0x0000000745580000, 0x0000000795580000)
  object space 87552K, 8% used [0x0000000740000000,0x00000007407a9a08,0x0000000745580000)
 Metaspace       used 19936K, capacity 21062K, committed 21248K, reserved 1067008K
  class space    used 2956K, capacity 3214K, committed 3328K, reserved 1048576K
}
Event: 2.630 GC heap before
{Heap before GC invocations=3 (full 1):
 PSYoungGen      total 38400K, used 5088K [0x0000000795580000, 0x000000079a080000, 0x00000007c0000000)
  eden space 33280K, 0% used [0x0000000795580000,0x0000000795580000,0x0000000797600000)
  from space 5120K, 99% used [0x0000000797b00000,0x0000000797ff8030,0x0000000798000000)
  to   space 5120K, 0% used [0x0000000797600000,0x0000000797600000,0x0000000797b00000)
 ParOldGen       total 87552K, used 7846K [0x0000000740000000, 0x0000000745580000, 0x0000000795580000)
  object space 87552K, 8% used [0x0000000740000000,0x00000007407a9a08,0x0000000745580000)
 Metaspace       used 19936K, capacity 21062K, committed 21248K, reserved 1067008K
  class space    used 2956K, capacity 3214K, committed 3328K, reserved 1048576K
Event: 2.665 GC heap after
Heap after GC invocations=3 (full 1):
 PSYoungGen      total 38400K, used 0K [0x0000000795580000, 0x000000079a080000, 0x00000007c0000000)
  eden space 33280K, 0% used [0x0000000795580000,0x0000000795580000,0x0000000797600000)
  from space 5120K, 0% used [0x0000000797b00000,0x0000000797b00000,0x0000000798000000)
  to   space 5120K, 0% used [0x0000000797600000,0x0000000797600000,0x0000000797b00000)
 ParOldGen       total 68096K, used 10057K [0x0000000740000000, 0x0000000744280000, 0x0000000795580000)
  object space 68096K, 14% used [0x0000000740000000,0x00000007409d24b8,0x0000000744280000)
 Metaspace       used 19936K, capacity 21062K, committed 21248K, reserved 1067008K
  class space    used 2956K, capacity 3214K, committed 3328K, reserved 1048576K
}
Event: 5.853 GC heap before
{Heap before GC invocations=4 (full 1):
 PSYoungGen      total 38400K, used 33280K [0x0000000795580000, 0x000000079a080000, 0x00000007c0000000)
  eden space 33280K, 100% used [0x0000000795580000,0x0000000797600000,0x0000000797600000)
  from space 5120K, 0% used [0x0000000797b00000,0x0000000797b00000,0x0000000798000000)
  to   space 5120K, 0% used [0x0000000797600000,0x0000000797600000,0x0000000797b00000)
 ParOldGen       total 68096K, used 10068K [0x0000000740000000, 0x0000000744280000, 0x0000000795580000)
  object space 68096K, 14% used [0x0000000740000000,0x00000007409d5258,0x0000000744280000)
 Metaspace       used 22923K, capacity 24254K, committed 24576K, reserved 1071104K
  class space    used 3277K, capacity 3533K, committed 3584K, reserved 1048576K
Event: 5.864 GC heap after
Heap after GC invocations=4 (full 1):
 PSYoungGen      total 38400K, used 5096K [0x0000000795580000, 0x0000000799000000, 0x00000007c0000000)
  eden space 33280K, 0% used [0x0000000795580000,0x0000000795580000,0x0000000797600000)
  from space 5120K, 99% used [0x0000000797600000,0x0000000797afa208,0x0000000797b00000)
  to   space 5120K, 0% used [0x0000000798b00000,0x0000000798b00000,0x0000000799000000)
 ParOldGen       total 68096K, used 10435K [0x0000000740000000, 0x0000000744280000, 0x0000000795580000)
  object space 68096K, 15% used [0x0000000740000000,0x0000000740a30f48,0x0000000744280000)
 Metaspace       used 22923K, capacity 24254K, committed 24576K, reserved 1071104K
  class space    used 3277K, capacity 3533K, committed 3584K, reserved 1048576K
}
Event: 9.092 GC heap before
{Heap before GC invocations=5 (full 1):
 PSYoungGen      total 38400K, used 38376K [0x0000000795580000, 0x0000000799000000, 0x00000007c0000000)
  eden space 33280K, 100% used [0x0000000795580000,0x0000000797600000,0x0000000797600000)
  from space 5120K, 99% used [0x0000000797600000,0x0000000797afa208,0x0000000797b00000)
  to   space 5120K, 0% used [0x0000000798b00000,0x0000000798b00000,0x0000000799000000)
 ParOldGen       total 68096K, used 10446K [0x0000000740000000, 0x0000000744280000, 0x0000000795580000)
  object space 68096K, 15% used [0x0000000740000000,0x0000000740a33828,0x0000000744280000)
 Metaspace       used 23637K, capacity 25020K, committed 25088K, reserved 1071104K
  class space    used 3309K, capacity 3580K, committed 3584K, reserved 1048576K
Event: 9.122 GC heap after
Heap after GC invocations=5 (full 1):
 PSYoungGen      total 54272K, used 5114K [0x0000000795580000, 0x0000000799000000, 0x00000007c0000000)
  eden space 49152K, 0% used [0x0000000795580000,0x0000000795580000,0x0000000798580000)
  from space 5120K, 99% used [0x0000000798b00000,0x0000000798ffe880,0x0000000799000000)
  to   space 5120K, 0% used [0x0000000798600000,0x0000000798600000,0x0000000798b00000)
 ParOldGen       total 68096K, used 15520K [0x0000000740000000, 0x0000000744280000, 0x0000000795580000)
  object space 68096K, 22% used [0x0000000740000000,0x0000000740f280d0,0x0000000744280000)
 Metaspace       used 23637K, capacity 25020K, committed 25088K, reserved 1071104K
  class space    used 3309K, capacity 3580K, committed 3584K, reserved 1048576K
}
Event: 12.947 GC heap before
{Heap before GC invocations=6 (full 1):
 PSYoungGen      total 54272K, used 54266K [0x0000000795580000, 0x0000000799000000, 0x00000007c0000000)
  eden space 49152K, 100% used [0x0000000795580000,0x0000000798580000,0x0000000798580000)
  from space 5120K, 99% used [0x0000000798b00000,0x0000000798ffe880,0x0000000799000000)
  to   space 5120K, 0% used [0x0000000798600000,0x0000000798600000,0x0000000798b00000)
 ParOldGen       total 68096K, used 15520K [0x0000000740000000, 0x0000000744280000, 0x0000000795580000)
  object space 68096K, 22% used [0x0000000740000000,0x0000000740f280d0,0x0000000744280000)
 Metaspace       used 23968K, capacity 25368K, committed 25600K, reserved 1071104K
  class space    used 3309K, capacity 3580K, committed 3584K, reserved 1048576K
Event: 12.969 GC heap after
Heap after GC invocations=6 (full 1):
 PSYoungGen      total 54784K, used 5105K [0x0000000795580000, 0x000000079b880000, 0x00000007c0000000)
  eden space 49664K, 0% used [0x0000000795580000,0x0000000795580000,0x0000000798600000)
  from space 5120K, 99% used [0x0000000798600000,0x0000000798afc550,0x0000000798b00000)
  to   space 15360K, 0% used [0x000000079a980000,0x000000079a980000,0x000000079b880000)
 ParOldGen       total 68096K, used 21661K [0x0000000740000000, 0x0000000744280000, 0x0000000795580000)
  object space 68096K, 31% used [0x0000000740000000,0x0000000741527638,0x0000000744280000)
 Metaspace       used 23968K, capacity 25368K, committed 25600K, reserved 1071104K
  class space    used 3309K, capacity 3580K, committed 3584K, reserved 1048576K
}

