# JRE version: Java(TM) SE Runtime Environment (8.0_60-b27) (build 1.8.0_60-b27)
# Java VM: Java HotSpot(TM) 64-Bit Server VM (25.60-b23 mixed mode bsd-amd64 compressed oops)
Heap:
 PSYoungGen      total 48640K, used 19713K [0x0000000795580000, 0x0000000798c00000, 0x00000007c0000000)
  eden space 43520K, 33% used [0x0000000795580000,0x00000007963c2740,0x0000000798000000)
  from space 5120K, 99% used [0x0000000798700000,0x0000000798bfdde8,0x0000000798c00000)
  to   space 5120K, 0% used [0x0000000798200000,0x0000000798200000,0x0000000798700000)
 ParOldGen       total 72192K, used 13633K [0x0000000740000000, 0x0000000744680000, 0x0000000795580000)
  object space 72192K, 18% used [0x0000000740000000,0x0000000740d50570,0x0000000744680000)
 Metaspace       used 24740K, capacity 26216K, committed 26368K, reserved 1071104K
  class space    used 3433K, capacity 3736K, committed 3840K, reserved 1048576K
GC Heap History (10 events):
Event: 1.786 GC heap before
{Heap before GC invocations=1 (full 0):
 PSYoungGen      total 38400K, used 33280K [0x0000000795580000, 0x0000000798000000, 0x00000007c0000000)
  eden space 33280K, 100% used [0x0000000795580000,0x0000000797600000,0x0000000797600000)
  from space 5120K, 0% used [0x0000000797b00000,0x0000000797b00000,0x0000000798000000)
  to   space 5120K, 0% used [0x0000000797600000,0x0000000797600000,0x0000000797b00000)
 ParOldGen       total 87552K, used 0K [0x0000000740000000, 0x0000000745580000, 0x0000000795580000)
  object space 87552K, 0% used [0x0000000740000000,0x0000000740000000,0x0000000745580000)
 Metaspace       used 15508K, capacity 16378K, committed 16640K, reserved 1062912K
  class space    used 2295K, capacity 2502K, committed 2560K, reserved 1048576K
Event: 1.797 GC heap after
Heap after GC invocations=1 (full 0):
 PSYoungGen      total 38400K, used 4432K [0x0000000795580000, 0x0000000798000000, 0x00000007c0000000)
  eden space 33280K, 0% used [0x0000000795580000,0x0000000795580000,0x0000000797600000)
  from space 5120K, 86% used [0x0000000797600000,0x0000000797a54050,0x0000000797b00000)
  to   space 5120K, 0% used [0x0000000797b00000,0x0000000797b00000,0x0000000798000000)
 ParOldGen       total 87552K, used 8K [0x0000000740000000, 0x0000000745580000, 0x0000000795580000)
  object space 87552K, 0% used [0x0000000740000000,0x0000000740002000,0x0000000745580000)
 Metaspace       used 15508K, capacity 16378K, committed 16640K, reserved 1062912K
  class space    used 2295K, capacity 2502K, committed 2560K, reserved 1048576K
}
Event: 2.617 GC heap before
{Heap before GC invocations=2 (full 0):
 PSYoungGen      total 38400K, used 23173K [0x0000000795580000, 0x0000000798000000, 0x00000007c0000000)
  eden space 33280K, 56% used [0x0000000795580000,0x00000007967cd640,0x0000000797600000)
  from space 5120K, 86% used [0x0000000797600000,0x0000000797a54050,0x0000000797b00000)
  to   space 5120K, 0% used [0x0000000797b00000,0x0000000797b00000,0x0000000798000000)
 ParOldGen       total 87552K, used 8K [0x0000000740000000, 0x0000000745580000, 0x0000000795580000)
  object space 87552K, 0% used [0x0000000740000000,0x0000000740002000,0x0000000745580000)
 Metaspace       used 19947K, capacity 21074K, committed 21248K, reserved 1067008K
  class space    used 2958K, capacity 3216K, committed 3328K, reserved 1048576K
Event: 2.641 GC heap after
Heap after GC invocations=2 (full 0):
 PSYoungGen      total 38400K, used 5088K [0x0000000795580000, 0x000000079a080000, 0x00000007c0000000)
  eden space 33280K, 0% used [0x0000000795580000,0x0000000795580000,0x0000000797600000)
  from space 5120K, 99% used [0x0000000797b00000,0x0000000797ff8050,0x0000000798000000)
  to   space 5120K, 0% used [0x0000000797600000,0x0000000797600000,0x0000000797b00000)
 ParOldGen       total 87552K, used 7839K [0x0000000740000000, 0x0000000745580000, 0x0000000795580000)
  object space 87552K, 8% used [0x0000000740000000,0x00000007407a7c68,0x0000000745580000)
 Metaspace       used 19947K, capacity 21074K, committed 21248K, reserved 1067008K
  class space    used 2958K, capacity 3216K, committed 3328K, reserved 1048576K
}
Event: 2.641 GC heap before
{Heap before GC invocations=3 (full 1):
 PSYoungGen      total 38400K, used 5088K [0x0000000795580000, 0x000000079a080000, 0x00000007c0000000)
  eden space 33280K, 0% used [0x0000000795580000,0x0000000795580000,0x0000000797600000)
  from space 5120K, 99% used [0x0000000797b00000,0x0000000797ff8050,0x0000000798000000)
  to   space 5120K, 0% used [0x0000000797600000,0x0000000797600000,0x0000000797b00000)
 ParOldGen       total 87552K, used 7839K [0x0000000740000000, 0x0000000745580000, 0x0000000795580000)
  object space 87552K, 8% used [0x0000000740000000,0x00000007407a7c68,0x0000000745580000)
 Metaspace       used 19947K, capacity 21074K, committed 21248K, reserved 1067008K
  class space    used 2958K, capacity 3216K, committed 3328K, reserved 1048576K
Event: 2.699 GC heap after
Heap after GC invocations=3 (full 1):
 PSYoungGen      total 38400K, used 0K [0x0000000795580000, 0x000000079a080000, 0x00000007c0000000)
  eden space 33280K, 0% used [0x0000000795580000,0x0000000795580000,0x0000000797600000)
  from space 5120K, 0% used [0x0000000797b00000,0x0000000797b00000,0x0000000798000000)
  to   space 5120K, 0% used [0x0000000797600000,0x0000000797600000,0x0000000797b00000)
 ParOldGen       total 72192K, used 10121K [0x0000000740000000, 0x0000000744680000, 0x0000000795580000)
  object space 72192K, 14% used [0x0000000740000000,0x00000007409e2778,0x0000000744680000)
 Metaspace       used 19947K, capacity 21074K, committed 21248K, reserved 1067008K
  class space    used 2958K, capacity 3216K, committed 3328K, reserved 1048576K
}
Event: 5.347 GC heap before
{Heap before GC invocations=4 (full 1):
 PSYoungGen      total 38400K, used 33280K [0x0000000795580000, 0x000000079a080000, 0x00000007c0000000)
  eden space 33280K, 100% used [0x0000000795580000,0x0000000797600000,0x0000000797600000)
  from space 5120K, 0% used [0x0000000797b00000,0x0000000797b00000,0x0000000798000000)
  to   space 5120K, 0% used [0x0000000797600000,0x0000000797600000,0x0000000797b00000)
 ParOldGen       total 72192K, used 10121K [0x0000000740000000, 0x0000000744680000, 0x0000000795580000)
  object space 72192K, 14% used [0x0000000740000000,0x00000007409e2778,0x0000000744680000)
 Metaspace       used 22674K, capacity 23972K, committed 24064K, reserved 1069056K
  class space    used 3258K, capacity 3514K, committed 3584K, reserved 1048576K
Event: 5.354 GC heap after
Heap after GC invocations=4 (full 1):
 PSYoungGen      total 38400K, used 5107K [0x0000000795580000, 0x0000000798c00000, 0x00000007c0000000)
  eden space 33280K, 0% used [0x0000000795580000,0x0000000795580000,0x0000000797600000)
  from space 5120K, 99% used [0x0000000797600000,0x0000000797afcdd8,0x0000000797b00000)
  to   space 5120K, 0% used [0x0000000798700000,0x0000000798700000,0x0000000798c00000)
 ParOldGen       total 72192K, used 10255K [0x0000000740000000, 0x0000000744680000, 0x0000000795580000)
  object space 72192K, 14% used [0x0000000740000000,0x0000000740a03ed8,0x0000000744680000)
 Metaspace       used 22674K, capacity 23972K, committed 24064K, reserved 1069056K
  class space    used 3258K, capacity 3514K, committed 3584K, reserved 1048576K
}
Event: 16.499 GC heap before
{Heap before GC invocations=5 (full 1):
 PSYoungGen      total 38400K, used 38387K [0x0000000795580000, 0x0000000798c00000, 0x00000007c0000000)
  eden space 33280K, 100% used [0x0000000795580000,0x0000000797600000,0x0000000797600000)
  from space 5120K, 99% used [0x0000000797600000,0x0000000797afcdd8,0x0000000797b00000)
  to   space 5120K, 0% used [0x0000000798700000,0x0000000798700000,0x0000000798c00000)
 ParOldGen       total 72192K, used 10394K [0x0000000740000000, 0x0000000744680000, 0x0000000795580000)
  object space 72192K, 14% used [0x0000000740000000,0x0000000740a269e0,0x0000000744680000)
 Metaspace       used 23985K, capacity 25412K, committed 25728K, reserved 1071104K
  class space    used 3311K, capacity 3616K, committed 3712K, reserved 1048576K
Event: 16.517 GC heap after
Heap after GC invocations=5 (full 1):
 PSYoungGen      total 48640K, used 5111K [0x0000000795580000, 0x0000000798c00000, 0x00000007c0000000)
  eden space 43520K, 0% used [0x0000000795580000,0x0000000795580000,0x0000000798000000)
  from space 5120K, 99% used [0x0000000798700000,0x0000000798bfdde8,0x0000000798c00000)
  to   space 5120K, 0% used [0x0000000798200000,0x0000000798200000,0x0000000798700000)
 ParOldGen       total 72192K, used 13633K [0x0000000740000000, 0x0000000744680000, 0x0000000795580000)
  object space 72192K, 18% used [0x0000000740000000,0x0000000740d50570,0x0000000744680000)
 Metaspace       used 23985K, capacity 25412K, committed 25728K, reserved 1071104K
  class space    used 3311K, capacity 3616K, committed 3712K, reserved 1048576K
}

