# JRE version: Java(TM) SE Runtime Environment (8.0_60-b27) (build 1.8.0_60-b27)
# Java VM: Java HotSpot(TM) 64-Bit Server VM (25.60-b23 mixed mode bsd-amd64 compressed oops)
Heap:
 PSYoungGen      total 40448K, used 23792K [0x0000000795580000, 0x0000000798e80000, 0x00000007c0000000)
  eden space 31744K, 48% used [0x0000000795580000,0x00000007964877f0,0x0000000797480000)
  from space 8704K, 96% used [0x0000000797500000,0x0000000797d34b50,0x0000000797d80000)
  to   space 13312K, 0% used [0x0000000798180000,0x0000000798180000,0x0000000798e80000)
 ParOldGen       total 72192K, used 16512K [0x0000000740000000, 0x0000000744680000, 0x0000000795580000)
  object space 72192K, 22% used [0x0000000740000000,0x0000000741020020,0x0000000744680000)
 Metaspace       used 25141K, capacity 26674K, committed 26752K, reserved 1073152K
  class space    used 3448K, capacity 3707K, committed 3712K, reserved 1048576K
GC Heap History (10 events):
Event: 6.170 GC heap before
{Heap before GC invocations=4 (full 1):
 PSYoungGen      total 38400K, used 33280K [0x0000000795580000, 0x0000000798000000, 0x00000007c0000000)
  eden space 33280K, 100% used [0x0000000795580000,0x0000000797600000,0x0000000797600000)
  from space 5120K, 0% used [0x0000000797b00000,0x0000000797b00000,0x0000000798000000)
  to   space 5120K, 0% used [0x0000000797600000,0x0000000797600000,0x0000000797b00000)
 ParOldGen       total 72192K, used 10134K [0x0000000740000000, 0x0000000744680000, 0x0000000795580000)
  object space 72192K, 14% used [0x0000000740000000,0x00000007409e5a08,0x0000000744680000)
 Metaspace       used 22721K, capacity 24044K, committed 24320K, reserved 1071104K
  class space    used 3274K, capacity 3530K, committed 3584K, reserved 1048576K
Event: 6.178 GC heap after
Heap after GC invocations=4 (full 1):
 PSYoungGen      total 38400K, used 4960K [0x0000000795580000, 0x0000000798c80000, 0x00000007c0000000)
  eden space 33280K, 0% used [0x0000000795580000,0x0000000795580000,0x0000000797600000)
  from space 5120K, 96% used [0x0000000797600000,0x0000000797ad8260,0x0000000797b00000)
  to   space 5120K, 0% used [0x0000000798780000,0x0000000798780000,0x0000000798c80000)
 ParOldGen       total 72192K, used 10142K [0x0000000740000000, 0x0000000744680000, 0x0000000795580000)
  object space 72192K, 14% used [0x0000000740000000,0x00000007409e7a08,0x0000000744680000)
 Metaspace       used 22721K, capacity 24044K, committed 24320K, reserved 1071104K
  class space    used 3274K, capacity 3530K, committed 3584K, reserved 1048576K
}
Event: 193.812 GC heap before
{Heap before GC invocations=5 (full 1):
 PSYoungGen      total 38400K, used 38239K [0x0000000795580000, 0x0000000798c80000, 0x00000007c0000000)
  eden space 33280K, 99% used [0x0000000795580000,0x00000007975ffa08,0x0000000797600000)
  from space 5120K, 96% used [0x0000000797600000,0x0000000797ad8260,0x0000000797b00000)
  to   space 5120K, 0% used [0x0000000798780000,0x0000000798780000,0x0000000798c80000)
 ParOldGen       total 72192K, used 10142K [0x0000000740000000, 0x0000000744680000, 0x0000000795580000)
  object space 72192K, 14% used [0x0000000740000000,0x00000007409e7a08,0x0000000744680000)
 Metaspace       used 24009K, capacity 25430K, committed 25728K, reserved 1071104K
  class space    used 3413K, capacity 3657K, committed 3712K, reserved 1048576K
Event: 193.826 GC heap after
Heap after GC invocations=5 (full 1):
 PSYoungGen      total 38400K, used 5118K [0x0000000795580000, 0x0000000798c80000, 0x00000007c0000000)
  eden space 33280K, 0% used [0x0000000795580000,0x0000000795580000,0x0000000797600000)
  from space 5120K, 99% used [0x0000000798780000,0x0000000798c7f870,0x0000000798c80000)
  to   space 5120K, 0% used [0x0000000797600000,0x0000000797600000,0x0000000797b00000)
 ParOldGen       total 72192K, used 11681K [0x0000000740000000, 0x0000000744680000, 0x0000000795580000)
  object space 72192K, 16% used [0x0000000740000000,0x0000000740b68458,0x0000000744680000)
 Metaspace       used 24009K, capacity 25430K, committed 25728K, reserved 1071104K
  class space    used 3413K, capacity 3657K, committed 3712K, reserved 1048576K
}
Event: 203.317 GC heap before
{Heap before GC invocations=6 (full 1):
 PSYoungGen      total 38400K, used 38304K [0x0000000795580000, 0x0000000798c80000, 0x00000007c0000000)
  eden space 33280K, 99% used [0x0000000795580000,0x00000007975e8970,0x0000000797600000)
  from space 5120K, 99% used [0x0000000798780000,0x0000000798c7f870,0x0000000798c80000)
  to   space 5120K, 0% used [0x0000000797600000,0x0000000797600000,0x0000000797b00000)
 ParOldGen       total 72192K, used 11681K [0x0000000740000000, 0x0000000744680000, 0x0000000795580000)
  object space 72192K, 16% used [0x0000000740000000,0x0000000740b68458,0x0000000744680000)
 Metaspace       used 24519K, capacity 25972K, committed 25984K, reserved 1071104K
  class space    used 3437K, capacity 3700K, committed 3712K, reserved 1048576K
Event: 203.329 GC heap after
Heap after GC invocations=6 (full 1):
 PSYoungGen      total 37888K, used 5116K [0x0000000795580000, 0x0000000799080000, 0x00000007c0000000)
  eden space 32768K, 0% used [0x0000000795580000,0x0000000795580000,0x0000000797580000)
  from space 5120K, 99% used [0x0000000797600000,0x0000000797aff358,0x0000000797b00000)
  to   space 13824K, 0% used [0x0000000798300000,0x0000000798300000,0x0000000799080000)
 ParOldGen       total 72192K, used 16496K [0x0000000740000000, 0x0000000744680000, 0x0000000795580000)
  object space 72192K, 22% used [0x0000000740000000,0x000000074101c020,0x0000000744680000)
 Metaspace       used 24519K, capacity 25972K, committed 25984K, reserved 1071104K
  class space    used 3437K, capacity 3700K, committed 3712K, reserved 1048576K
}
Event: 211.126 GC heap before
{Heap before GC invocations=7 (full 1):
 PSYoungGen      total 37888K, used 37830K [0x0000000795580000, 0x0000000799080000, 0x00000007c0000000)
  eden space 32768K, 99% used [0x0000000795580000,0x0000000797572570,0x0000000797580000)
  from space 5120K, 99% used [0x0000000797600000,0x0000000797aff358,0x0000000797b00000)
  to   space 13824K, 0% used [0x0000000798300000,0x0000000798300000,0x0000000799080000)
 ParOldGen       total 72192K, used 16496K [0x0000000740000000, 0x0000000744680000, 0x0000000795580000)
  object space 72192K, 22% used [0x0000000740000000,0x000000074101c020,0x0000000744680000)
 Metaspace       used 24687K, capacity 26164K, committed 26240K, reserved 1071104K
  class space    used 3437K, capacity 3700K, committed 3712K, reserved 1048576K
Event: 211.142 GC heap after
Heap after GC invocations=7 (full 1):
 PSYoungGen      total 45568K, used 9636K [0x0000000795580000, 0x0000000799000000, 0x00000007c0000000)
  eden space 32256K, 0% used [0x0000000795580000,0x0000000795580000,0x0000000797500000)
  from space 13312K, 72% used [0x0000000798300000,0x0000000798c69070,0x0000000799000000)
  to   space 13824K, 0% used [0x0000000797500000,0x0000000797500000,0x0000000798280000)
 ParOldGen       total 72192K, used 16504K [0x0000000740000000, 0x0000000744680000, 0x0000000795580000)
  object space 72192K, 22% used [0x0000000740000000,0x000000074101e020,0x0000000744680000)
 Metaspace       used 24687K, capacity 26164K, committed 26240K, reserved 1071104K
  class space    used 3437K, capacity 3700K, committed 3712K, reserved 1048576K
}
Event: 215.400 GC heap before
{Heap before GC invocations=8 (full 1):
 PSYoungGen      total 45568K, used 41892K [0x0000000795580000, 0x0000000799000000, 0x00000007c0000000)
  eden space 32256K, 100% used [0x0000000795580000,0x0000000797500000,0x0000000797500000)
  from space 13312K, 72% used [0x0000000798300000,0x0000000798c69070,0x0000000799000000)
  to   space 13824K, 0% used [0x0000000797500000,0x0000000797500000,0x0000000798280000)
 ParOldGen       total 72192K, used 16504K [0x0000000740000000, 0x0000000744680000, 0x0000000795580000)
  object space 72192K, 22% used [0x0000000740000000,0x000000074101e020,0x0000000744680000)
 Metaspace       used 24855K, capacity 26328K, committed 26496K, reserved 1073152K
  class space    used 3437K, capacity 3700K, committed 3712K, reserved 1048576K
Event: 215.405 GC heap after
Heap after GC invocations=8 (full 1):
 PSYoungGen      total 40448K, used 8402K [0x0000000795580000, 0x0000000798e80000, 0x00000007c0000000)
  eden space 31744K, 0% used [0x0000000795580000,0x0000000795580000,0x0000000797480000)
  from space 8704K, 96% used [0x0000000797500000,0x0000000797d34b50,0x0000000797d80000)
  to   space 13312K, 0% used [0x0000000798180000,0x0000000798180000,0x0000000798e80000)
 ParOldGen       total 72192K, used 16512K [0x0000000740000000, 0x0000000744680000, 0x0000000795580000)
  object space 72192K, 22% used [0x0000000740000000,0x0000000741020020,0x0000000744680000)
 Metaspace       used 24855K, capacity 26328K, committed 26496K, reserved 1073152K
  class space    used 3437K, capacity 3700K, committed 3712K, reserved 1048576K
}

